Traceback (most recent call last):
  File "training_main.py", line 8, in <module>
    from training_simulation import Simulation
  File "/home/kpdamodaran109/ai-Traffic-Light-Control/TLCS-DQN/training_simulation.py", line 1, in <module>
    import traci
ImportError: No module named 'traci'
/home/kpdamodaran109/.local/lib/python3.5/site-packages/tensorflow/python/framework/dtypes.py:526: FutureWarning: Passing (type, 1) or '1type' as a synonym of type is deprecated; in a future version of numpy, it will be understood as (type, (1,)) / '(1,)type'.
  _np_qint8 = np.dtype([("qint8", np.int8, 1)])
/home/kpdamodaran109/.local/lib/python3.5/site-packages/tensorflow/python/framework/dtypes.py:527: FutureWarning: Passing (type, 1) or '1type' as a synonym of type is deprecated; in a future version of numpy, it will be understood as (type, (1,)) / '(1,)type'.
  _np_quint8 = np.dtype([("quint8", np.uint8, 1)])
/home/kpdamodaran109/.local/lib/python3.5/site-packages/tensorflow/python/framework/dtypes.py:528: FutureWarning: Passing (type, 1) or '1type' as a synonym of type is deprecated; in a future version of numpy, it will be understood as (type, (1,)) / '(1,)type'.
  _np_qint16 = np.dtype([("qint16", np.int16, 1)])
/home/kpdamodaran109/.local/lib/python3.5/site-packages/tensorflow/python/framework/dtypes.py:529: FutureWarning: Passing (type, 1) or '1type' as a synonym of type is deprecated; in a future version of numpy, it will be understood as (type, (1,)) / '(1,)type'.
  _np_quint16 = np.dtype([("quint16", np.uint16, 1)])
/home/kpdamodaran109/.local/lib/python3.5/site-packages/tensorflow/python/framework/dtypes.py:530: FutureWarning: Passing (type, 1) or '1type' as a synonym of type is deprecated; in a future version of numpy, it will be understood as (type, (1,)) / '(1,)type'.
  _np_qint32 = np.dtype([("qint32", np.int32, 1)])
/home/kpdamodaran109/.local/lib/python3.5/site-packages/tensorflow/python/framework/dtypes.py:535: FutureWarning: Passing (type, 1) or '1type' as a synonym of type is deprecated; in a future version of numpy, it will be understood as (type, (1,)) / '(1,)type'.
  np_resource = np.dtype([("resource", np.ubyte, 1)])
Traceback (most recent call last):
  File "training_main.py", line 12, in <module>
    from visualization import Visualization
  File "/home/kpdamodaran109/ai-Traffic-Light-Control/TLCS-DQN/visualization.py", line 1, in <module>
    import matplotlib.pyplot as plt
ImportError: No module named 'matplotlib'
/home/kpdamodaran109/.local/lib/python3.5/site-packages/tensorflow/python/framework/dtypes.py:526: FutureWarning: Passing (type, 1) or '1type' as a synonym of type is deprecated; in a future version of numpy, it will be understood as (type, (1,)) / '(1,)type'.
  _np_qint8 = np.dtype([("qint8", np.int8, 1)])
/home/kpdamodaran109/.local/lib/python3.5/site-packages/tensorflow/python/framework/dtypes.py:527: FutureWarning: Passing (type, 1) or '1type' as a synonym of type is deprecated; in a future version of numpy, it will be understood as (type, (1,)) / '(1,)type'.
  _np_quint8 = np.dtype([("quint8", np.uint8, 1)])
/home/kpdamodaran109/.local/lib/python3.5/site-packages/tensorflow/python/framework/dtypes.py:528: FutureWarning: Passing (type, 1) or '1type' as a synonym of type is deprecated; in a future version of numpy, it will be understood as (type, (1,)) / '(1,)type'.
  _np_qint16 = np.dtype([("qint16", np.int16, 1)])
/home/kpdamodaran109/.local/lib/python3.5/site-packages/tensorflow/python/framework/dtypes.py:529: FutureWarning: Passing (type, 1) or '1type' as a synonym of type is deprecated; in a future version of numpy, it will be understood as (type, (1,)) / '(1,)type'.
  _np_quint16 = np.dtype([("quint16", np.uint16, 1)])
/home/kpdamodaran109/.local/lib/python3.5/site-packages/tensorflow/python/framework/dtypes.py:530: FutureWarning: Passing (type, 1) or '1type' as a synonym of type is deprecated; in a future version of numpy, it will be understood as (type, (1,)) / '(1,)type'.
  _np_qint32 = np.dtype([("qint32", np.int32, 1)])
/home/kpdamodaran109/.local/lib/python3.5/site-packages/tensorflow/python/framework/dtypes.py:535: FutureWarning: Passing (type, 1) or '1type' as a synonym of type is deprecated; in a future version of numpy, it will be understood as (type, (1,)) / '(1,)type'.
  np_resource = np.dtype([("resource", np.ubyte, 1)])
WARNING:tensorflow:From /home/kpdamodaran109/.local/lib/python3.5/site-packages/tensorflow/python/ops/resource_variable_ops.py:435: colocate_with (from tensorflow.python.framework.ops) is deprecated and will be removed in a future version.
Instructions for updating:
Colocations handled automatically by placer.
Loading configuration ... done.
Warning: Teleporting vehicle 'S_E_897'; waited too long (yield), lane='S2TL_2', time=2169.00.
Warning: Vehicle 'S_E_897' ends teleporting on edge 'TL2E', time 2169.00.
Loading configuration ... done.
Warning: Vehicle 'N_E_873' performs emergency braking with decel=-9.00 wished=4.00 severity=1.00, time=1754.00.
Warning: Vehicle 'N_E_873' performs emergency stop at the end of lane 'N2TL_0' because of a red traffic light (decel=-10.41, offset=1.41), time=1754.00.
Warning: Vehicle 'N_W_946' performs emergency braking with decel=-9.00 wished=4.00 severity=1.00, time=2072.00.
Warning: Vehicle 'N_W_946' performs emergency stop at the end of lane 'S2TL_0' because of a red traffic light (decel=-10.24, offset=1.24), time=2072.00.
Loading configuration ... done.
WARNING:tensorflow:From /home/kpdamodaran109/.local/lib/python3.5/site-packages/tensorflow/python/ops/math_ops.py:3066: to_int32 (from tensorflow.python.ops.math_ops) is deprecated and will be removed in a future version.
Instructions for updating:
Use tf.cast instead.
Loading configuration ... done.
Warning: Vehicle 'W_S_862' performs emergency braking with decel=-9.00 wished=4.00 severity=1.00, time=1700.00.
Warning: Vehicle 'W_S_862' performs emergency stop at the end of lane 'E2TL_0' because of a red traffic light (decel=-10.95, offset=1.19), time=1700.00.
Loading configuration ... done.
Loading configuration ... done.
Warning: Teleporting vehicle 'S_E_31'; waited too long (yield), lane='S2TL_2', time=531.00.
Warning: Vehicle 'S_E_31' ends teleporting on edge 'TL2E', time 531.00.
